TN:
SF:scripts/customizations/analyze-sanity-ui-customizations.js
FN:40,componentPattern
FN:62,extractStyleFromProps
FN:100,findTagEnd
FN:137,extractMultiLineInlineStyles
FN:174,extractInlineStyles
FN:203,(anonymous_5)
FN:230,extractParenBody
FN:253,matchStyledTemplateLiterals
FN:287,matchStyledFunctionCalls
FN:304,(anonymous_9)
FN:322,extractStyledUsages
FN:343,parseStyleProperties
FN:365,parseStyledProperties
FN:420,analyzeContent
FN:421,(anonymous_14)
FN:426,(anonymous_15)
FN:439,(anonymous_16)
FN:441,(anonymous_17)
FN:483,recordComponentProperties
FN:501,aggregateResults
FN:561,flattenComponentCounts
FN:563,(anonymous_21)
FN:577,formatComponentTable
FN:591,(anonymous_23)
FN:608,formatPropertyTable
FN:629,formatCodebaseSection
FN:686,formatSimpleComponentTable
FN:706,formatAggregateSection
FN:764,generateTextReport
FN:791,collectAllComponents
FN:814,buildCsvRow
FN:816,(anonymous_31)
FN:838,(anonymous_32)
FN:861,generateCSV
FN:869,(anonymous_34)
FN:883,(anonymous_35)
FN:892,(anonymous_36)
FN:898,(anonymous_37)
FN:900,(anonymous_38)
FN:913,buildCodebaseJsonSummary
FN:928,(anonymous_40)
FN:931,(anonymous_41)
FN:941,generateJSON
FN:969,analyzeCodebase
FN:1004,main
FNF:45
FNH:42
FNDA:174,componentPattern
FNDA:1080,extractStyleFromProps
FNDA:538,findTagEnd
FNDA:36,extractMultiLineInlineStyles
FNDA:31,extractInlineStyles
FNDA:125290,(anonymous_5)
FNDA:3,extractParenBody
FNDA:38,matchStyledTemplateLiterals
FNDA:38,matchStyledFunctionCalls
FNDA:0,(anonymous_9)
FNDA:38,extractStyledUsages
FNDA:527,parseStyleProperties
FNDA:16,parseStyledProperties
FNDA:19,analyzeContent
FNDA:517,(anonymous_14)
FNDA:7,(anonymous_15)
FNDA:517,(anonymous_16)
FNDA:7,(anonymous_17)
FNDA:14,recordComponentProperties
FNDA:7,aggregateResults
FNDA:42,flattenComponentCounts
FNDA:82,(anonymous_21)
FNDA:22,formatComponentTable
FNDA:66,(anonymous_23)
FNDA:22,formatPropertyTable
FNDA:11,formatCodebaseSection
FNDA:20,formatSimpleComponentTable
FNDA:10,formatAggregateSection
FNDA:10,generateTextReport
FNDA:7,collectAllComponents
FNDA:18,buildCsvRow
FNDA:28,(anonymous_31)
FNDA:24,(anonymous_32)
FNDA:7,generateCSV
FNDA:9,(anonymous_34)
FNDA:28,(anonymous_35)
FNDA:24,(anonymous_36)
FNDA:19,(anonymous_37)
FNDA:15,(anonymous_38)
FNDA:10,buildCodebaseJsonSummary
FNDA:21,(anonymous_40)
FNDA:21,(anonymous_41)
FNDA:9,generateJSON
FNDA:0,analyzeCodebase
FNDA:0,main
DA:20,1
DA:21,1
DA:27,1
DA:39,1
DA:41,174
DA:42,1
DA:44,174
DA:63,1080
DA:64,1080
DA:65,1080
DA:67,1080
DA:68,2146
DA:69,2146
DA:71,1066
DA:72,1066
DA:73,1066
DA:75,1066
DA:76,16272
DA:77,15207
DA:78,16272
DA:81,1066
DA:82,1066
DA:85,1080
DA:101,538
DA:102,538
DA:103,13222
DA:104,1072
DA:105,12150
DA:106,1072
DA:107,11078
DA:108,538
DA:111,0
DA:138,36
DA:139,36
DA:142,36
DA:143,538
DA:144,538
DA:145,538
DA:147,538
DA:149,538
DA:150,538
DA:152,538
DA:153,531
DA:161,36
DA:175,31
DA:178,31
DA:185,31
DA:186,534
DA:187,534
DA:188,534
DA:190,534
DA:191,528
DA:200,31
DA:201,31
DA:202,528
DA:204,125290
DA:207,528
DA:208,0
DA:212,31
DA:231,3
DA:232,3
DA:233,3
DA:234,115
DA:235,114
DA:236,115
DA:238,3
DA:254,38
DA:255,38
DA:264,38
DA:265,22
DA:271,38
DA:288,38
DA:289,38
DA:297,38
DA:298,3
DA:299,3
DA:300,3
DA:301,3
DA:303,3
DA:304,0
DA:306,3
DA:307,3
DA:310,38
DA:323,38
DA:324,38
DA:325,38
DA:344,527
DA:346,527
DA:349,527
DA:350,532
DA:351,532
DA:353,527
DA:366,16
DA:367,16
DA:370,16
DA:371,29
DA:372,29
DA:373,29
DA:376,16
DA:421,517
DA:426,19
DA:431,19
DA:439,517
DA:441,7
DA:484,14
DA:485,12
DA:487,14
DA:489,14
DA:490,13
DA:491,13
DA:503,7
DA:517,7
DA:518,14
DA:519,10
DA:522,14
DA:523,14
DA:524,14
DA:526,14
DA:527,11
DA:533,11
DA:536,14
DA:537,3
DA:543,3
DA:547,7
DA:562,42
DA:563,82
DA:578,22
DA:579,22
DA:581,20
DA:582,20
DA:583,20
DA:586,20
DA:588,20
DA:589,42
DA:591,66
DA:593,42
DA:597,20
DA:609,22
DA:610,22
DA:612,20
DA:613,20
DA:614,20
DA:615,20
DA:616,20
DA:617,58
DA:619,20
DA:630,11
DA:631,11
DA:632,11
DA:633,11
DA:634,11
DA:635,11
DA:636,11
DA:637,11
DA:638,11
DA:639,11
DA:640,11
DA:642,11
DA:649,11
DA:651,11
DA:658,11
DA:660,11
DA:666,11
DA:668,11
DA:674,11
DA:676,11
DA:687,20
DA:688,20
DA:690,16
DA:691,16
DA:692,16
DA:693,16
DA:694,16
DA:695,37
DA:697,16
DA:707,10
DA:708,10
DA:709,10
DA:710,10
DA:711,10
DA:713,10
DA:714,10
DA:716,10
DA:718,10
DA:720,10
DA:721,11
DA:722,11
DA:724,11
DA:725,21
DA:727,11
DA:728,21
DA:732,10
DA:733,10
DA:734,10
DA:735,10
DA:737,10
DA:743,10
DA:745,10
DA:751,10
DA:753,10
DA:754,10
DA:755,10
DA:765,10
DA:766,10
DA:767,10
DA:768,10
DA:769,10
DA:771,10
DA:772,14
DA:773,11
DA:776,10
DA:777,10
DA:792,7
DA:793,7
DA:794,9
DA:795,12
DA:797,9
DA:798,8
DA:801,7
DA:815,18
DA:816,18
DA:817,28
DA:818,28
DA:819,28
DA:820,28
DA:823,18
DA:827,15
DA:828,15
DA:829,24
DA:830,24
DA:831,20
DA:832,28
DA:836,15
DA:838,24
DA:841,15
DA:849,15
DA:862,7
DA:863,7
DA:864,7
DA:866,7
DA:869,9
DA:875,7
DA:877,7
DA:878,9
DA:883,28
DA:885,9
DA:887,9
DA:892,24
DA:894,9
DA:898,19
DA:900,15
DA:914,10
DA:928,21
DA:931,21
DA:942,9
DA:944,9
DA:946,9
DA:947,10
DA:950,9
DA:970,0
DA:971,0
DA:972,0
DA:975,0
DA:977,0
DA:978,0
DA:980,0
DA:981,0
DA:982,0
DA:983,0
DA:984,0
DA:988,0
DA:989,0
DA:992,0
DA:1005,0
DA:1006,0
DA:1007,0
DA:1010,0
DA:1011,0
DA:1012,0
DA:1015,0
DA:1021,0
DA:1022,0
DA:1023,0
DA:1026,0
DA:1027,0
DA:1028,0
DA:1030,0
DA:1031,0
DA:1032,0
DA:1036,0
DA:1041,1
DA:1042,0
DA:1045,1
LF:293
LH:258
BRDA:41,0,0,1
BRDA:41,0,1,173
BRDA:69,1,0,1080
BRDA:69,1,1,1066
BRDA:75,2,0,17338
BRDA:75,2,1,16280
BRDA:76,3,0,1065
BRDA:76,3,1,15207
BRDA:77,4,0,2131
BRDA:77,4,1,13076
BRDA:103,5,0,1072
BRDA:103,5,1,12150
BRDA:105,6,0,1072
BRDA:105,6,1,11078
BRDA:107,7,0,538
BRDA:107,7,1,10540
BRDA:107,8,0,11078
BRDA:107,8,1,4518
BRDA:147,9,0,0
BRDA:147,9,1,538
BRDA:186,10,0,534
BRDA:186,10,1,0
BRDA:187,11,0,534
BRDA:187,11,1,2
BRDA:187,11,2,2
BRDA:204,12,0,125290
BRDA:204,12,1,125278
BRDA:207,13,0,0
BRDA:207,13,1,528
BRDA:233,14,0,118
BRDA:233,14,1,118
BRDA:234,15,0,1
BRDA:234,15,1,114
BRDA:235,16,0,4
BRDA:235,16,1,110
BRDA:268,17,0,22
BRDA:268,17,1,1
BRDA:299,18,0,3
BRDA:299,18,1,0
BRDA:304,19,0,0
BRDA:304,19,1,0
BRDA:306,20,0,3
BRDA:306,20,1,0
BRDA:350,21,0,532
BRDA:350,21,1,2
BRDA:351,22,0,532
BRDA:351,22,1,0
BRDA:372,23,0,29
BRDA:372,23,1,0
BRDA:372,24,0,29
BRDA:372,24,1,29
BRDA:372,24,2,29
BRDA:484,25,0,12
BRDA:484,25,1,2
BRDA:518,26,0,10
BRDA:518,26,1,4
BRDA:579,27,0,2
BRDA:579,27,1,20
BRDA:608,28,0,22
BRDA:610,29,0,2
BRDA:610,29,1,20
BRDA:649,30,0,10
BRDA:649,30,1,1
BRDA:658,31,0,10
BRDA:658,31,1,1
BRDA:666,32,0,10
BRDA:666,32,1,1
BRDA:674,33,0,10
BRDA:674,33,1,1
BRDA:688,34,0,4
BRDA:688,34,1,16
BRDA:743,35,0,8
BRDA:743,35,1,2
BRDA:751,36,0,8
BRDA:751,36,1,2
BRDA:772,37,0,3
BRDA:772,37,1,11
BRDA:818,38,0,20
BRDA:818,38,1,8
BRDA:823,39,0,3
BRDA:823,39,1,15
BRDA:830,40,0,20
BRDA:830,40,1,4
BRDA:883,41,0,28
BRDA:883,41,1,28
BRDA:885,42,0,9
BRDA:885,42,1,0
BRDA:892,43,0,24
BRDA:892,43,1,24
BRDA:894,44,0,6
BRDA:894,44,1,3
BRDA:970,45,0,0
BRDA:970,45,1,0
BRDA:983,46,0,0
BRDA:983,46,1,0
BRDA:1031,47,0,0
BRDA:1031,47,1,0
BRDA:1041,48,0,0
BRDA:1041,48,1,1
BRF:99
BRH:82
end_of_record
TN:
SF:scripts/html-tags/analyze-html-tags.js
FN:51,buildTagCategoryMap
FN:73,getTagCategory
FN:91,stripStringLiterals
FN:108,matchFullTags
FN:128,matchSimpleTags
FN:153,extractHTMLTags
FN:192,analyzeContent
FN:222,aggregateResults
FN:256,formatTagTable
FN:292,formatCategoryBreakdown
FN:330,formatCodebaseSection
FN:359,formatAggregateSection
FN:399,generateTextReport
FN:425,collectAllTags
FN:441,generateCSV
FN:450,(anonymous_15)
FN:459,(anonymous_16)
FN:472,(anonymous_17)
FN:498,buildCodebaseJsonSummary
FN:505,(anonymous_19)
FN:519,generateJSON
FN:548,(anonymous_21)
FN:570,analyzeCodebase
FN:604,main
FN:634,(anonymous_24)
FNF:25
FNH:22
FNDA:29,buildTagCategoryMap
FNDA:120,getTagCategory
FNDA:80,stripStringLiterals
FNDA:80,matchFullTags
FNDA:80,matchSimpleTags
FNDA:80,extractHTMLTags
FNDA:16,analyzeContent
FNDA:7,aggregateResults
FNDA:17,formatTagTable
FNDA:9,formatCategoryBreakdown
FNDA:9,formatCodebaseSection
FNDA:8,formatAggregateSection
FNDA:8,generateTextReport
FNDA:8,collectAllTags
FNDA:8,generateCSV
FNDA:11,(anonymous_15)
FNDA:27,(anonymous_16)
FNDA:17,(anonymous_17)
FNDA:12,buildCodebaseJsonSummary
FNDA:23,(anonymous_19)
FNDA:10,generateJSON
FNDA:20,(anonymous_21)
FNDA:0,analyzeCodebase
FNDA:0,main
FNDA:0,(anonymous_24)
DA:24,2
DA:31,2
DA:37,2
DA:53,29
DA:54,29
DA:55,319
DA:56,4350
DA:59,29
DA:74,120
DA:92,80
DA:110,80
DA:111,80
DA:113,80
DA:114,2167
DA:116,80
DA:130,80
DA:131,80
DA:133,80
DA:134,2165
DA:136,80
DA:154,80
DA:155,80
DA:156,80
DA:159,80
DA:160,151
DA:161,0
DA:168,80
DA:169,153
DA:170,15
DA:174,80
DA:193,16
DA:194,16
DA:195,16
DA:196,35
DA:198,16
DA:224,7
DA:232,7
DA:233,15
DA:234,10
DA:236,15
DA:237,15
DA:238,15
DA:242,7
DA:243,7
DA:257,17
DA:258,17
DA:266,17
DA:268,17
DA:269,17
DA:270,32
DA:271,32
DA:272,32
DA:281,17
DA:294,9
DA:295,9
DA:296,17
DA:298,9
DA:300,9
DA:301,9
DA:302,9
DA:309,9
DA:310,9
DA:311,12
DA:319,9
DA:331,9
DA:332,9
DA:333,9
DA:334,9
DA:335,9
DA:336,9
DA:337,9
DA:338,9
DA:339,9
DA:340,9
DA:342,9
DA:343,9
DA:344,9
DA:345,9
DA:348,9
DA:349,9
DA:360,8
DA:361,8
DA:362,8
DA:363,8
DA:364,8
DA:367,8
DA:368,8
DA:369,8
DA:370,8
DA:372,8
DA:373,9
DA:374,9
DA:375,9
DA:376,9
DA:379,8
DA:380,8
DA:381,8
DA:382,8
DA:383,8
DA:385,8
DA:386,8
DA:387,8
DA:388,8
DA:389,8
DA:390,8
DA:400,8
DA:401,8
DA:403,8
DA:404,8
DA:405,8
DA:406,8
DA:408,8
DA:409,12
DA:410,9
DA:413,8
DA:414,8
DA:426,8
DA:427,8
DA:428,11
DA:429,22
DA:432,8
DA:442,8
DA:443,8
DA:444,8
DA:445,8
DA:447,8
DA:450,11
DA:455,8
DA:457,8
DA:458,18
DA:459,18
DA:460,27
DA:461,27
DA:462,27
DA:464,18
DA:472,17
DA:474,8
DA:475,8
DA:476,18
DA:486,8
DA:499,12
DA:500,12
DA:505,23
DA:520,10
DA:521,10
DA:524,10
DA:525,10
DA:526,10
DA:529,10
DA:531,10
DA:532,12
DA:533,12
DA:535,12
DA:536,12
DA:539,10
DA:541,10
DA:548,20
DA:556,10
DA:571,0
DA:572,0
DA:573,0
DA:576,0
DA:578,0
DA:579,0
DA:581,0
DA:582,0
DA:583,0
DA:584,0
DA:585,0
DA:589,0
DA:590,0
DA:594,0
DA:605,0
DA:606,0
DA:607,0
DA:610,0
DA:611,0
DA:612,0
DA:615,0
DA:621,0
DA:622,0
DA:623,0
DA:626,0
DA:627,0
DA:628,0
DA:630,0
DA:631,0
DA:632,0
DA:634,0
DA:636,0
DA:640,0
DA:645,2
DA:646,0
DA:649,2
LF:194
LH:159
BRDA:74,0,0,120
BRDA:74,0,1,2
BRDA:160,1,0,0
BRDA:160,1,1,151
BRDA:160,2,0,151
BRDA:160,2,1,151
BRDA:169,3,0,15
BRDA:169,3,1,138
BRDA:233,4,0,10
BRDA:233,4,1,5
BRDA:256,5,0,17
BRDA:409,6,0,3
BRDA:409,6,1,9
BRDA:460,7,0,27
BRDA:460,7,1,27
BRDA:460,7,2,5
BRDA:571,8,0,0
BRDA:571,8,1,0
BRDA:584,9,0,0
BRDA:584,9,1,0
BRDA:631,10,0,0
BRDA:631,10,1,0
BRDA:645,11,0,0
BRDA:645,11,1,2
BRF:24
BRH:16
end_of_record
TN:
SF:scripts/lib/constants.js
FNF:0
FNH:0
DA:15,5
DA:28,5
DA:102,5
DA:265,5
DA:272,5
DA:282,5
LF:6
LH:6
BRF:0
BRH:0
end_of_record
TN:
SF:scripts/lib/files.js
FN:25,codebasePath
FN:35,codebaseExists
FN:53,findFiles
FN:78,readSafe
FN:93,ensureDir
FN:105,reportDir
FN:132,writeReports
FNF:7
FNH:4
FNDA:5,codebasePath
FNDA:2,codebaseExists
FNDA:0,findFiles
FNDA:0,readSafe
FNDA:3,ensureDir
FNDA:2,reportDir
FNDA:0,writeReports
DA:11,5
DA:12,5
DA:13,5
DA:15,5
DA:26,5
DA:36,2
DA:57,0
DA:59,0
DA:60,0
DA:79,0
DA:80,0
DA:82,0
DA:94,3
DA:95,2
DA:106,2
DA:133,0
DA:134,0
DA:136,0
DA:137,0
DA:138,0
DA:140,0
DA:141,0
DA:142,0
DA:144,0
DA:147,5
LF:25
LH:10
BRDA:53,0,0,0
BRDA:55,1,0,0
BRDA:56,2,0,0
BRDA:94,3,0,2
BRDA:94,3,1,1
BRF:5
BRH:2
end_of_record
TN:
SF:scripts/lib/utils.js
FN:23,sortByCount
FN:24,(anonymous_1)
FN:41,pct
FN:64,incr
FN:83,mergeCounters
FN:99,sumValues
FN:123,compact
FN:142,topN
FN:158,padNum
FNF:9
FNH:9
FNDA:290,sortByCount
FNDA:369,(anonymous_1)
FNDA:34,pct
FNDA:4637,incr
FNDA:29,mergeCounters
FNDA:37,sumValues
FNDA:60,compact
FNDA:5,topN
FNDA:6,padNum
DA:24,369
DA:42,34
DA:43,32
DA:65,4637
DA:66,4637
DA:84,29
DA:85,49
DA:87,29
DA:100,37
DA:101,37
DA:102,72
DA:104,37
DA:125,60
DA:126,60
DA:127,90
DA:129,60
DA:143,5
DA:159,6
DA:162,5
LF:19
LH:19
BRDA:41,0,0,32
BRDA:42,1,0,2
BRDA:42,1,1,32
BRDA:64,2,0,4479
BRDA:65,3,0,4637
BRDA:65,3,1,553
BRDA:127,4,0,74
BRDA:127,4,1,16
BRF:8
BRH:8
end_of_record
TN:
SF:scripts/per-component/analyze-per-component.js
FN:56,lineNumberAt
FN:78,extractImports
FN:104,parseNamedImports
FN:129,isSanityUISource
FN:140,buildSanityUIImportMap
FN:171,findTagEnd
FN:198,parseProps
FN:302,classifyValue
FN:344,normalizeValue
FN:383,analyzeFileContent
FN:423,escapeRegex
FN:461,createEmptyReport
FN:480,recordProp
FN:499,mergeFileResult
FN:545,buildComponentJson
FN:548,(anonymous_15)
FN:573,(anonymous_16)
FN:594,generateSummaryCSV
FN:600,(anonymous_18)
FN:601,(anonymous_19)
FN:608,(anonymous_20)
FN:615,(anonymous_21)
FN:620,(anonymous_22)
FN:625,(anonymous_23)
FN:638,(anonymous_24)
FN:639,(anonymous_25)
FN:660,generateSummaryJSON
FN:662,(anonymous_27)
FN:665,(anonymous_28)
FN:668,(anonymous_29)
FN:679,(anonymous_30)
FN:716,generateSummaryText
FN:718,(anonymous_32)
FN:758,(anonymous_33)
FN:794,(anonymous_34)
FN:820,(anonymous_35)
FN:853,analyzeCodebase
FN:891,main
FN:952,(anonymous_38)
FN:959,(anonymous_39)
FNF:40
FNH:36
FNDA:98,lineNumberAt
FNDA:38,extractImports
FNDA:33,parseNamedImports
FNDA:38,isSanityUISource
FNDA:30,buildSanityUIImportMap
FNDA:87,findTagEnd
FNDA:99,parseProps
FNDA:90,classifyValue
FNDA:88,normalizeValue
FNDA:22,analyzeFileContent
FNDA:37,escapeRegex
FNDA:59,createEmptyReport
FNDA:71,recordProp
FNDA:12,mergeFileResult
FNDA:6,buildComponentJson
FNDA:8,(anonymous_15)
FNDA:8,(anonymous_16)
FNDA:7,generateSummaryCSV
FNDA:21,(anonymous_18)
FNDA:21,(anonymous_19)
FNDA:13,(anonymous_20)
FNDA:13,(anonymous_21)
FNDA:13,(anonymous_22)
FNDA:13,(anonymous_23)
FNDA:42,(anonymous_24)
FNDA:42,(anonymous_25)
FNDA:7,generateSummaryJSON
FNDA:10,(anonymous_27)
FNDA:13,(anonymous_28)
FNDA:12,(anonymous_29)
FNDA:12,(anonymous_30)
FNDA:8,generateSummaryText
FNDA:9,(anonymous_32)
FNDA:12,(anonymous_33)
FNDA:12,(anonymous_34)
FNDA:13,(anonymous_35)
FNDA:0,analyzeCodebase
FNDA:0,main
FNDA:0,(anonymous_38)
FNDA:0,(anonymous_39)
DA:29,1
DA:30,1
DA:32,1
DA:33,1
DA:40,1
DA:57,98
DA:58,93
DA:59,93
DA:60,52174
DA:62,93
DA:79,38
DA:80,38
DA:82,38
DA:83,39
DA:89,38
DA:105,33
DA:107,31
DA:108,31
DA:109,63
DA:110,63
DA:112,63
DA:113,63
DA:114,63
DA:116,63
DA:117,58
DA:120,31
DA:130,38
DA:141,30
DA:143,30
DA:145,30
DA:146,31
DA:148,24
DA:149,46
DA:150,45
DA:155,30
DA:172,87
DA:173,87
DA:174,1364
DA:175,82
DA:176,1282
DA:177,82
DA:178,1200
DA:179,86
DA:182,1
DA:199,99
DA:200,99
DA:201,99
DA:203,99
DA:205,188
DA:206,120
DA:209,118
DA:212,114
DA:213,1
DA:214,1
DA:215,1
DA:216,9
DA:217,9
DA:218,9
DA:220,1
DA:224,113
DA:225,0
DA:226,0
DA:229,113
DA:230,550
DA:231,113
DA:234,113
DA:236,113
DA:238,8
DA:239,8
DA:243,105
DA:245,105
DA:247,105
DA:248,0
DA:249,0
DA:254,105
DA:257,22
DA:258,22
DA:259,129
DA:260,22
DA:261,22
DA:262,83
DA:265,1
DA:266,1
DA:267,7
DA:268,1
DA:269,1
DA:270,82
DA:272,82
DA:273,82
DA:274,82
DA:275,82
DA:276,405
DA:277,398
DA:278,405
DA:280,82
DA:281,82
DA:284,0
DA:285,0
DA:286,0
DA:289,105
DA:292,99
DA:303,90
DA:306,83
DA:310,53
DA:313,27
DA:316,26
DA:319,25
DA:320,23
DA:323,9
DA:326,7
DA:329,6
DA:331,2
DA:346,88
DA:347,81
DA:350,51
DA:351,26
DA:355,25
DA:356,22
DA:384,22
DA:385,22
DA:387,22
DA:388,3
DA:392,19
DA:395,19
DA:396,19
DA:399,19
DA:400,81
DA:401,81
DA:402,81
DA:403,81
DA:405,81
DA:407,81
DA:408,81
DA:410,81
DA:411,81
DA:414,19
DA:424,37
DA:462,59
DA:481,71
DA:482,43
DA:484,71
DA:486,71
DA:487,71
DA:488,71
DA:501,12
DA:502,12
DA:503,25
DA:504,1
DA:506,25
DA:507,25
DA:511,12
DA:512,21
DA:513,21
DA:515,21
DA:516,21
DA:518,21
DA:519,20
DA:526,21
DA:527,26
DA:546,6
DA:548,8
DA:552,6
DA:553,6
DA:554,8
DA:555,8
DA:561,6
DA:573,8
DA:595,7
DA:596,7
DA:600,21
DA:601,21
DA:607,7
DA:608,13
DA:611,7
DA:612,7
DA:613,14
DA:615,13
DA:618,14
DA:620,13
DA:623,14
DA:624,14
DA:625,13
DA:629,14
DA:633,14
DA:638,42
DA:639,42
DA:647,7
DA:661,7
DA:662,10
DA:665,7
DA:666,13
DA:668,12
DA:672,13
DA:679,12
DA:686,7
DA:687,7
DA:688,7
DA:689,13
DA:690,13
DA:693,7
DA:717,8
DA:718,9
DA:721,8
DA:723,8
DA:724,8
DA:725,8
DA:726,8
DA:728,8
DA:729,8
DA:730,8
DA:731,13
DA:732,13
DA:735,8
DA:736,8
DA:737,8
DA:738,8
DA:741,8
DA:752,8
DA:754,8
DA:755,13
DA:756,13
DA:757,13
DA:758,12
DA:762,13
DA:766,13
DA:779,8
DA:782,8
DA:783,8
DA:784,13
DA:785,13
DA:786,13
DA:787,13
DA:790,13
DA:792,13
DA:794,12
DA:798,13
DA:799,7
DA:800,7
DA:801,7
DA:804,6
DA:813,6
DA:815,6
DA:816,12
DA:817,12
DA:818,12
DA:820,13
DA:823,12
DA:833,6
DA:836,8
DA:837,8
DA:839,8
DA:854,0
DA:855,0
DA:856,0
DA:859,0
DA:861,0
DA:862,0
DA:864,0
DA:865,0
DA:867,0
DA:868,0
DA:869,0
DA:870,0
DA:872,0
DA:874,0
DA:875,0
DA:876,0
DA:879,0
DA:892,0
DA:893,0
DA:894,0
DA:897,0
DA:901,0
DA:902,0
DA:905,0
DA:906,0
DA:907,0
DA:911,0
DA:912,0
DA:915,0
DA:916,0
DA:918,0
DA:919,0
DA:920,0
DA:921,0
DA:922,0
DA:923,0
DA:927,0
DA:928,0
DA:930,0
DA:931,0
DA:936,0
DA:937,0
DA:939,0
DA:940,0
DA:941,0
DA:942,0
DA:945,0
DA:946,0
DA:947,0
DA:948,0
DA:949,0
DA:951,0
DA:952,0
DA:955,0
DA:956,0
DA:957,0
DA:959,0
DA:962,0
DA:965,0
DA:969,0
DA:974,1
DA:975,0
DA:978,1
LF:314
LH:246
BRDA:57,0,0,5
BRDA:57,0,1,93
BRDA:59,1,0,52267
BRDA:59,1,1,52175
BRDA:60,2,0,1613
BRDA:60,2,1,50561
BRDA:84,3,0,39
BRDA:84,3,1,2
BRDA:85,4,0,39
BRDA:85,4,1,37
BRDA:105,5,0,2
BRDA:105,5,1,31
BRDA:110,6,0,0
BRDA:110,6,1,63
BRDA:114,7,0,63
BRDA:114,7,1,56
BRDA:116,8,0,58
BRDA:116,8,1,5
BRDA:116,9,0,63
BRDA:116,9,1,63
BRDA:146,10,0,7
BRDA:146,10,1,24
BRDA:149,11,0,45
BRDA:149,11,1,1
BRDA:174,12,0,82
BRDA:174,12,1,1282
BRDA:176,13,0,82
BRDA:176,13,1,1200
BRDA:178,14,0,86
BRDA:178,14,1,1114
BRDA:178,15,0,1200
BRDA:178,15,1,989
BRDA:205,16,0,308
BRDA:205,16,1,306
BRDA:206,17,0,2
BRDA:206,17,1,118
BRDA:209,18,0,4
BRDA:209,18,1,114
BRDA:212,19,0,1
BRDA:212,19,1,113
BRDA:215,20,0,10
BRDA:215,20,1,10
BRDA:216,21,0,0
BRDA:216,21,1,9
BRDA:217,22,0,1
BRDA:217,22,1,8
BRDA:224,23,0,0
BRDA:224,23,1,113
BRDA:230,24,0,663
BRDA:230,24,1,659
BRDA:234,25,0,129
BRDA:234,25,1,125
BRDA:236,26,0,8
BRDA:236,26,1,105
BRDA:236,27,0,113
BRDA:236,27,1,109
BRDA:245,28,0,105
BRDA:245,28,1,105
BRDA:247,29,0,0
BRDA:247,29,1,105
BRDA:254,30,0,22
BRDA:254,30,1,83
BRDA:259,31,0,151
BRDA:259,31,1,151
BRDA:262,32,0,1
BRDA:262,32,1,82
BRDA:267,33,0,8
BRDA:267,33,1,8
BRDA:270,34,0,82
BRDA:270,34,1,0
BRDA:275,35,0,487
BRDA:275,35,1,487
BRDA:276,36,0,7
BRDA:276,36,1,398
BRDA:277,37,0,89
BRDA:277,37,1,309
BRDA:278,38,0,323
BRDA:278,38,1,82
BRDA:285,39,0,0
BRDA:285,39,1,0
BRDA:303,40,0,7
BRDA:303,40,1,83
BRDA:303,41,0,90
BRDA:303,41,1,85
BRDA:306,42,0,30
BRDA:306,42,1,53
BRDA:310,43,0,26
BRDA:310,43,1,27
BRDA:313,44,0,1
BRDA:313,44,1,26
BRDA:316,45,0,1
BRDA:316,45,1,25
BRDA:319,46,0,2
BRDA:319,46,1,23
BRDA:319,47,0,25
BRDA:319,47,1,23
BRDA:320,48,0,14
BRDA:320,48,1,9
BRDA:320,49,0,23
BRDA:320,49,1,11
BRDA:323,50,0,2
BRDA:323,50,1,7
BRDA:323,51,0,9
BRDA:323,51,1,2
BRDA:326,52,0,1
BRDA:326,52,1,6
BRDA:329,53,0,4
BRDA:329,53,1,2
BRDA:346,54,0,7
BRDA:346,54,1,81
BRDA:346,55,0,88
BRDA:346,55,1,83
BRDA:347,56,0,30
BRDA:347,56,1,51
BRDA:350,57,0,26
BRDA:350,57,1,25
BRDA:350,58,0,51
BRDA:350,58,1,27
BRDA:355,59,0,3
BRDA:355,59,1,22
BRDA:387,60,0,3
BRDA:387,60,1,19
BRDA:405,61,0,0
BRDA:405,61,1,81
BRDA:481,62,0,43
BRDA:481,62,1,28
BRDA:503,63,0,1
BRDA:503,63,1,24
BRDA:513,64,0,0
BRDA:513,64,1,21
BRDA:518,65,0,20
BRDA:518,65,1,1
BRDA:569,66,0,5
BRDA:569,66,1,1
BRDA:629,67,0,12
BRDA:629,67,1,2
BRDA:638,68,0,42
BRDA:638,68,1,35
BRDA:639,69,0,42
BRDA:639,69,1,35
BRDA:762,70,0,10
BRDA:762,70,1,3
BRDA:798,71,0,7
BRDA:798,71,1,6
BRDA:854,72,0,0
BRDA:854,72,1,0
BRDA:870,73,0,0
BRDA:870,73,1,0
BRDA:920,74,0,0
BRDA:920,74,1,0
BRDA:920,75,0,0
BRDA:920,75,1,0
BRDA:962,76,0,0
BRDA:962,76,1,0
BRDA:974,77,0,0
BRDA:974,77,1,1
BRF:156
BRH:136
end_of_record
TN:
SF:scripts/sources/analyze-ui-component-sources.js
FN:110,parseNamedImports
FN:114,(anonymous_1)
FN:135,categorizeImportSource
FN:167,extractImports
FN:193,countJSXInstances
FN:223,buildImportMap
FN:262,analyzeContent
FN:324,analyzeFile
FN:334,aggregateResults
FN:353,(anonymous_9)
FN:354,(anonymous_10)
FN:393,analyzeCodebase
FN:440,generateReport
FN:579,(anonymous_13)
FN:585,(anonymous_14)
FN:600,(anonymous_15)
FN:606,(anonymous_16)
FN:621,(anonymous_17)
FN:627,(anonymous_18)
FN:642,(anonymous_19)
FN:648,(anonymous_20)
FN:725,(anonymous_21)
FN:728,(anonymous_22)
FN:791,generateCSV
FN:827,generateJSON
FN:927,(anonymous_25)
FN:929,(anonymous_26)
FN:947,main
FNF:28
FNH:10
FNDA:73,parseNamedImports
FNDA:130,(anonymous_1)
FNDA:99,categorizeImportSource
FNDA:48,extractImports
FNDA:41,countJSXInstances
FNDA:39,buildImportMap
FNDA:32,analyzeContent
FNDA:0,analyzeFile
FNDA:7,aggregateResults
FNDA:70,(anonymous_9)
FNDA:64,(anonymous_10)
FNDA:0,analyzeCodebase
FNDA:0,generateReport
FNDA:0,(anonymous_13)
FNDA:0,(anonymous_14)
FNDA:0,(anonymous_15)
FNDA:0,(anonymous_16)
FNDA:0,(anonymous_17)
FNDA:0,(anonymous_18)
FNDA:0,(anonymous_19)
FNDA:0,(anonymous_20)
FNDA:0,(anonymous_21)
FNDA:0,(anonymous_22)
FNDA:0,generateCSV
FNDA:0,generateJSON
FNDA:0,(anonymous_25)
FNDA:0,(anonymous_26)
FNDA:0,main
DA:1,1
DA:2,1
DA:3,1
DA:5,1
DA:6,1
DA:9,1
DA:12,1
DA:48,1
DA:111,73
DA:113,69
DA:114,69
DA:115,130
DA:116,130
DA:119,125
DA:120,125
DA:121,125
DA:123,112
DA:127,69
DA:137,99
DA:138,35
DA:142,64
DA:143,10
DA:147,54
DA:148,10
DA:152,44
DA:156,26
DA:159,18
DA:168,48
DA:169,48
DA:172,48
DA:173,68
DA:180,48
DA:194,41
DA:195,41
DA:198,41
DA:199,88
DA:200,88
DA:203,41
DA:224,39
DA:225,39
DA:226,39
DA:228,39
DA:229,60
DA:230,60
DA:232,51
DA:234,51
DA:235,48
DA:237,51
DA:238,3
DA:241,51
DA:242,86
DA:243,86
DA:247,39
DA:263,32
DA:273,32
DA:277,32
DA:279,32
DA:280,63
DA:281,63
DA:282,61
DA:283,68
DA:284,68
DA:285,68
DA:286,68
DA:294,32
DA:295,32
DA:296,10
DA:297,12
DA:298,12
DA:299,12
DA:300,12
DA:303,32
DA:304,4
DA:307,32
DA:325,0
DA:326,0
DA:335,7
DA:350,7
DA:352,14
DA:354,70
DA:355,64
DA:356,52
DA:358,64
DA:359,64
DA:365,14
DA:366,24
DA:367,23
DA:369,24
DA:373,14
DA:374,7
DA:375,7
DA:377,7
DA:378,5
DA:379,5
DA:385,7
DA:394,0
DA:396,0
DA:397,0
DA:398,0
DA:401,0
DA:404,0
DA:418,0
DA:420,0
DA:423,0
DA:424,0
DA:425,0
DA:426,0
DA:432,0
DA:441,0
DA:443,0
DA:444,0
DA:447,0
DA:448,0
DA:449,0
DA:452,0
DA:455,0
DA:458,0
DA:461,0
DA:462,0
DA:463,0
DA:466,0
DA:468,0
DA:479,0
DA:480,0
DA:482,0
DA:483,0
DA:484,0
DA:485,0
DA:486,0
DA:488,0
DA:490,0
DA:494,0
DA:495,0
DA:496,0
DA:497,0
DA:498,0
DA:499,0
DA:500,0
DA:501,0
DA:505,0
DA:507,0
DA:510,0
DA:513,0
DA:516,0
DA:517,0
DA:518,0
DA:519,0
DA:520,0
DA:523,0
DA:526,0
DA:527,0
DA:528,0
DA:531,0
DA:533,0
DA:534,0
DA:536,0
DA:537,0
DA:539,0
DA:543,0
DA:548,0
DA:550,0
DA:557,0
DA:560,0
DA:563,0
DA:564,0
DA:566,0
DA:567,0
DA:568,0
DA:569,0
DA:572,0
DA:573,0
DA:576,0
DA:578,0
DA:579,0
DA:582,0
DA:583,0
DA:584,0
DA:585,0
DA:586,0
DA:591,0
DA:595,0
DA:596,0
DA:597,0
DA:599,0
DA:600,0
DA:603,0
DA:604,0
DA:605,0
DA:606,0
DA:607,0
DA:612,0
DA:616,0
DA:617,0
DA:618,0
DA:620,0
DA:621,0
DA:624,0
DA:625,0
DA:626,0
DA:627,0
DA:628,0
DA:633,0
DA:637,0
DA:638,0
DA:639,0
DA:641,0
DA:642,0
DA:645,0
DA:646,0
DA:647,0
DA:648,0
DA:649,0
DA:654,0
DA:658,0
DA:659,0
DA:660,0
DA:662,0
DA:663,0
DA:664,0
DA:665,0
DA:668,0
DA:670,0
DA:671,0
DA:672,0
DA:673,0
DA:675,0
DA:676,0
DA:677,0
DA:678,0
DA:681,0
DA:682,0
DA:683,0
DA:685,0
DA:691,0
DA:692,0
DA:698,0
DA:699,0
DA:700,0
DA:701,0
DA:704,0
DA:705,0
DA:706,0
DA:707,0
DA:708,0
DA:709,0
DA:711,0
DA:712,0
DA:716,0
DA:717,0
DA:718,0
DA:719,0
DA:722,0
DA:724,0
DA:725,0
DA:728,0
DA:729,0
DA:730,0
DA:731,0
DA:732,0
DA:738,0
DA:739,0
DA:740,0
DA:741,0
DA:742,0
DA:745,0
DA:749,0
DA:752,0
DA:755,0
DA:758,0
DA:761,0
DA:765,0
DA:766,0
DA:771,0
DA:772,0
DA:776,0
DA:780,0
DA:781,0
DA:783,0
DA:792,0
DA:793,0
DA:795,0
DA:796,0
DA:799,0
DA:800,0
DA:804,0
DA:805,0
DA:809,0
DA:810,0
DA:814,0
DA:815,0
DA:819,0
DA:828,0
DA:846,0
DA:848,0
DA:849,0
DA:852,0
DA:861,0
DA:894,0
DA:895,0
DA:896,0
DA:897,0
DA:898,0
DA:899,0
DA:900,0
DA:901,0
DA:905,0
DA:906,0
DA:907,0
DA:909,0
DA:914,0
DA:926,0
DA:927,0
DA:929,0
DA:931,0
DA:941,0
DA:948,0
DA:951,0
DA:954,0
DA:957,0
DA:958,0
DA:961,0
DA:964,0
DA:968,0
DA:971,0
DA:972,0
DA:976,0
DA:980,0
DA:981,0
DA:985,0
DA:986,0
DA:987,0
DA:988,0
DA:991,0
DA:992,0
DA:993,0
DA:994,0
DA:997,0
DA:998,0
DA:999,0
DA:1000,0
DA:1003,0
DA:1004,0
DA:1005,0
DA:1007,0
DA:1008,0
DA:1009,0
DA:1010,0
DA:1011,0
DA:1012,0
DA:1014,0
DA:1015,0
DA:1016,0
DA:1017,0
DA:1018,0
DA:1019,0
DA:1020,0
DA:1021,0
DA:1025,0
DA:1031,0
DA:1037,0
DA:1039,0
DA:1040,0
DA:1044,0
DA:1045,0
DA:1047,0
DA:1053,0
DA:1056,0
DA:1060,1
DA:1079,1
DA:1080,0
LF:370
LH:95
BRDA:111,0,0,4
BRDA:111,0,1,69
BRDA:116,1,0,125
BRDA:116,1,1,5
BRDA:120,2,0,125
BRDA:120,2,1,115
BRDA:121,3,0,112
BRDA:121,3,1,13
BRDA:121,4,0,125
BRDA:121,4,1,125
BRDA:137,5,0,35
BRDA:137,5,1,64
BRDA:137,6,0,99
BRDA:137,6,1,38
BRDA:142,7,0,10
BRDA:142,7,1,54
BRDA:147,8,0,10
BRDA:147,8,1,44
BRDA:152,9,0,26
BRDA:152,9,1,18
BRDA:153,10,0,44
BRDA:153,10,1,25
BRDA:174,11,0,68
BRDA:174,11,1,8
BRDA:175,12,0,68
BRDA:175,12,1,60
BRDA:200,13,0,88
BRDA:200,13,1,77
BRDA:230,14,0,9
BRDA:230,14,1,51
BRDA:234,15,0,48
BRDA:234,15,1,3
BRDA:237,16,0,3
BRDA:237,16,1,48
BRDA:237,17,0,51
BRDA:237,17,1,3
BRDA:281,18,0,61
BRDA:281,18,1,2
BRDA:303,19,0,4
BRDA:303,19,1,28
BRDA:315,20,0,32
BRDA:315,20,1,25
BRDA:355,21,0,52
BRDA:355,21,1,12
BRDA:365,22,0,14
BRDA:365,22,1,0
BRDA:366,23,0,23
BRDA:366,23,1,1
BRDA:373,24,0,7
BRDA:373,24,1,7
BRDA:377,25,0,5
BRDA:377,25,1,2
BRDA:396,26,0,0
BRDA:396,26,1,0
BRDA:480,27,0,0
BRDA:480,27,1,0
BRDA:488,28,0,0
BRDA:488,28,1,0
BRDA:507,29,0,0
BRDA:507,29,1,0
BRDA:534,30,0,0
BRDA:534,30,1,0
BRDA:539,31,0,0
BRDA:539,31,1,0
BRDA:550,32,0,0
BRDA:550,32,1,0
BRDA:564,33,0,0
BRDA:564,33,1,0
BRDA:582,34,0,0
BRDA:582,34,1,0
BRDA:603,35,0,0
BRDA:603,35,1,0
BRDA:624,36,0,0
BRDA:624,36,1,0
BRDA:645,37,0,0
BRDA:645,37,1,0
BRDA:662,38,0,0
BRDA:662,38,1,0
BRDA:685,39,0,0
BRDA:685,39,1,0
BRDA:706,40,0,0
BRDA:706,40,1,0
BRDA:708,41,0,0
BRDA:708,41,1,0
BRDA:729,42,0,0
BRDA:729,42,1,0
BRDA:730,43,0,0
BRDA:730,43,1,0
BRDA:731,44,0,0
BRDA:731,44,1,0
BRDA:745,45,0,0
BRDA:745,45,1,0
BRDA:765,46,0,0
BRDA:765,46,1,0
BRDA:796,47,0,0
BRDA:796,47,1,0
BRDA:849,48,0,0
BRDA:849,48,1,0
BRDA:852,49,0,0
BRDA:852,49,1,0
BRDA:906,50,0,0
BRDA:906,50,1,0
BRDA:915,51,0,0
BRDA:915,51,1,0
BRDA:932,52,0,0
BRDA:932,52,1,0
BRDA:980,53,0,0
BRDA:980,53,1,0
BRDA:1015,54,0,0
BRDA:1015,54,1,0
BRDA:1025,55,0,0
BRDA:1025,55,1,0
BRDA:1039,56,0,0
BRDA:1039,56,1,0
BRDA:1047,57,0,0
BRDA:1047,57,1,0
BRDA:1079,58,0,0
BRDA:1079,58,1,1
BRF:118
BRH:52
end_of_record
